<?xml version="1.0" encoding="UTF-8"?>
<coverage generated="1760898392599" clover="3.2.0">
  <project timestamp="1760898392599" name="All files">
    <metrics statements="85" coveredstatements="28" conditionals="51" coveredconditionals="6" methods="20" coveredmethods="3" elements="156" coveredelements="37" complexity="0" loc="85" ncloc="85" packages="1" files="3" classes="3"/>
    <file name="App.tsx" path="/Users/estebanfoucher/workspace/open-ear-trainer/frontend/src/App.tsx">
      <metrics statements="76" coveredstatements="28" conditionals="47" coveredconditionals="6" methods="19" coveredmethods="3"/>
      <line num="38" count="1" type="stmt"/>
      <line num="39" count="33" type="stmt"/>
      <line num="40" count="32" type="stmt"/>
      <line num="41" count="32" type="stmt"/>
      <line num="42" count="32" type="stmt"/>
      <line num="43" count="32" type="stmt"/>
      <line num="44" count="32" type="stmt"/>
      <line num="45" count="32" type="stmt"/>
      <line num="48" count="32" type="stmt"/>
      <line num="49" count="32" type="stmt"/>
      <line num="50" count="32" type="stmt"/>
      <line num="51" count="32" type="stmt"/>
      <line num="53" count="32" type="stmt"/>
      <line num="54" count="15" type="stmt"/>
      <line num="57" count="32" type="stmt"/>
      <line num="58" count="15" type="stmt"/>
      <line num="59" count="15" type="stmt"/>
      <line num="60" count="15" type="cond" truecount="1" falsecount="1"/>
      <line num="61" count="15" type="stmt"/>
      <line num="62" count="15" type="stmt"/>
      <line num="64" count="15" type="stmt"/>
      <line num="65" count="15" type="stmt"/>
      <line num="67" count="15" type="stmt"/>
      <line num="71" count="32" type="cond" truecount="0" falsecount="1"/>
      <line num="72" count="0" type="stmt"/>
      <line num="73" count="0" type="stmt"/>
      <line num="74" count="0" type="stmt"/>
      <line num="75" count="0" type="stmt"/>
      <line num="76" count="0" type="stmt"/>
      <line num="78" count="0" type="cond" truecount="0" falsecount="2"/>
      <line num="79" count="0" type="stmt"/>
      <line num="80" count="0" type="stmt"/>
      <line num="83" count="0" type="cond" truecount="0" falsecount="2"/>
      <line num="84" count="0" type="stmt"/>
      <line num="85" count="0" type="stmt"/>
      <line num="89" count="0" type="stmt"/>
      <line num="90" count="0" type="stmt"/>
      <line num="92" count="0" type="stmt"/>
      <line num="113" count="32" type="stmt"/>
      <line num="114" count="0" type="cond" truecount="0" falsecount="2"/>
      <line num="116" count="0" type="cond" truecount="0" falsecount="2"/>
      <line num="120" count="0" type="stmt"/>
      <line num="121" count="0" type="stmt"/>
      <line num="122" count="0" type="stmt"/>
      <line num="123" count="0" type="stmt"/>
      <line num="128" count="32" type="stmt"/>
      <line num="129" count="0" type="cond" truecount="0" falsecount="4"/>
      <line num="131" count="0" type="stmt"/>
      <line num="134" count="0" type="stmt"/>
      <line num="137" count="0" type="stmt"/>
      <line num="143" count="0" type="stmt"/>
      <line num="151" count="0" type="stmt"/>
      <line num="160" count="0" type="stmt"/>
      <line num="161" count="0" type="cond" truecount="0" falsecount="2"/>
      <line num="162" count="0" type="stmt"/>
      <line num="163" count="0" type="stmt"/>
      <line num="166" count="0" type="stmt"/>
      <line num="167" count="0" type="stmt"/>
      <line num="168" count="0" type="stmt"/>
      <line num="169" count="0" type="stmt"/>
      <line num="174" count="32" type="stmt"/>
      <line num="175" count="0" type="stmt"/>
      <line num="176" count="0" type="stmt"/>
      <line num="177" count="0" type="stmt"/>
      <line num="178" count="0" type="stmt"/>
      <line num="179" count="0" type="stmt"/>
      <line num="182" count="32" type="stmt"/>
      <line num="195" count="0" type="stmt"/>
      <line num="203" count="0" type="stmt"/>
      <line num="236" count="0" type="stmt"/>
      <line num="248" count="0" type="stmt"/>
      <line num="258" count="0" type="stmt"/>
      <line num="278" count="0" type="stmt"/>
      <line num="279" count="0" type="stmt"/>
      <line num="280" count="0" type="stmt"/>
      <line num="281" count="0" type="stmt"/>
    </file>
    <file name="index.tsx" path="/Users/estebanfoucher/workspace/open-ear-trainer/frontend/src/index.tsx">
      <metrics statements="2" coveredstatements="0" conditionals="0" coveredconditionals="0" methods="0" coveredmethods="0"/>
      <line num="6" count="0" type="stmt"/>
      <line num="9" count="0" type="stmt"/>
    </file>
    <file name="setupProxy.js" path="/Users/estebanfoucher/workspace/open-ear-trainer/frontend/src/setupProxy.js">
      <metrics statements="7" coveredstatements="0" conditionals="4" coveredconditionals="0" methods="1" coveredmethods="0"/>
      <line num="1" count="0" type="stmt"/>
      <line num="3" count="0" type="stmt"/>
      <line num="6" count="0" type="cond" truecount="0" falsecount="2"/>
      <line num="7" count="0" type="cond" truecount="0" falsecount="2"/>
      <line num="9" count="0" type="stmt"/>
      <line num="11" count="0" type="stmt"/>
      <line num="19" count="0" type="stmt"/>
    </file>
  </project>
</coverage>
