{"/Users/estebanfoucher/workspace/open-ear-trainer/frontend/src/App.tsx": {"path":"/Users/estebanfoucher/workspace/open-ear-trainer/frontend/src/App.tsx","statementMap":{"0":{"start":{"line":38,"column":22},"end":{"line":291,"column":1}},"1":{"start":{"line":39,"column":36},"end":{"line":39,"column":60}},"2":{"start":{"line":40,"column":50},"end":{"line":40,"column":81}},"3":{"start":{"line":41,"column":42},"end":{"line":41,"column":77}},"4":{"start":{"line":42,"column":46},"end":{"line":42,"column":66}},"5":{"start":{"line":43,"column":30},"end":{"line":43,"column":65}},"6":{"start":{"line":44,"column":32},"end":{"line":44,"column":47}},"7":{"start":{"line":45,"column":28},"end":{"line":45,"column":48}},"8":{"start":{"line":48,"column":48},"end":{"line":48,"column":67}},"9":{"start":{"line":49,"column":27},"end":{"line":49,"column":47}},"10":{"start":{"line":50,"column":28},"end":{"line":50,"column":94}},"11":{"start":{"line":51,"column":33},"end":{"line":51,"column":129}},"12":{"start":{"line":53,"column":2},"end":{"line":55,"column":9}},"13":{"start":{"line":54,"column":4},"end":{"line":54,"column":21}},"14":{"start":{"line":57,"column":25},"end":{"line":69,"column":3}},"15":{"start":{"line":58,"column":4},"end":{"line":68,"column":5}},"16":{"start":{"line":59,"column":6},"end":{"line":59,"column":23}},"17":{"start":{"line":60,"column":21},"end":{"line":60,"column":77}},"18":{"start":{"line":61,"column":23},"end":{"line":61,"column":66}},"19":{"start":{"line":62,"column":6},"end":{"line":62,"column":34}},"20":{"start":{"line":64,"column":6},"end":{"line":64,"column":43}},"21":{"start":{"line":65,"column":6},"end":{"line":65,"column":54}},"22":{"start":{"line":67,"column":6},"end":{"line":67,"column":24}},"23":{"start":{"line":71,"column":27},"end":{"line":94,"column":3}},"24":{"start":{"line":72,"column":4},"end":{"line":93,"column":5}},"25":{"start":{"line":73,"column":6},"end":{"line":73,"column":23}},"26":{"start":{"line":74,"column":6},"end":{"line":74,"column":19}},"27":{"start":{"line":75,"column":6},"end":{"line":75,"column":22}},"28":{"start":{"line":76,"column":6},"end":{"line":76,"column":28}},"29":{"start":{"line":78,"column":21},"end":{"line":78,"column":77}},"30":{"start":{"line":79,"column":23},"end":{"line":79,"column":123}},"31":{"start":{"line":80,"column":6},"end":{"line":80,"column":37}},"32":{"start":{"line":83,"column":6},"end":{"line":87,"column":7}},"33":{"start":{"line":84,"column":8},"end":{"line":86,"column":16}},"34":{"start":{"line":85,"column":10},"end":{"line":85,"column":48}},"35":{"start":{"line":89,"column":6},"end":{"line":89,"column":46}},"36":{"start":{"line":90,"column":6},"end":{"line":90,"column":55}},"37":{"start":{"line":92,"column":6},"end":{"line":92,"column":24}},"38":{"start":{"line":113,"column":20},"end":{"line":126,"column":3}},"39":{"start":{"line":114,"column":4},"end":{"line":125,"column":5}},"40":{"start":{"line":116,"column":27},"end":{"line":118,"column":82}},"41":{"start":{"line":120,"column":20},"end":{"line":120,"column":43}},"42":{"start":{"line":121,"column":6},"end":{"line":124,"column":9}},"43":{"start":{"line":122,"column":8},"end":{"line":122,"column":51}},"44":{"start":{"line":123,"column":8},"end":{"line":123,"column":41}},"45":{"start":{"line":128,"column":28},"end":{"line":172,"column":3}},"46":{"start":{"line":129,"column":4},"end":{"line":129,"column":51}},"47":{"start":{"line":129,"column":44},"end":{"line":129,"column":51}},"48":{"start":{"line":131,"column":4},"end":{"line":131,"column":30}},"49":{"start":{"line":134,"column":22},"end":{"line":134,"column":60}},"50":{"start":{"line":137,"column":4},"end":{"line":140,"column":8}},"51":{"start":{"line":137,"column":22},"end":{"line":140,"column":5}},"52":{"start":{"line":143,"column":4},"end":{"line":148,"column":8}},"53":{"start":{"line":143,"column":31},"end":{"line":148,"column":6}},"54":{"start":{"line":151,"column":4},"end":{"line":157,"column":7}},"55":{"start":{"line":160,"column":4},"end":{"line":171,"column":13}},"56":{"start":{"line":161,"column":6},"end":{"line":170,"column":7}},"57":{"start":{"line":162,"column":8},"end":{"line":162,"column":45}},"58":{"start":{"line":162,"column":35},"end":{"line":162,"column":43}},"59":{"start":{"line":163,"column":8},"end":{"line":163,"column":67}},"60":{"start":{"line":166,"column":8},"end":{"line":166,"column":30}},"61":{"start":{"line":167,"column":8},"end":{"line":167,"column":41}},"62":{"start":{"line":168,"column":8},"end":{"line":168,"column":31}},"63":{"start":{"line":169,"column":8},"end":{"line":169,"column":34}},"64":{"start":{"line":174,"column":24},"end":{"line":180,"column":3}},"65":{"start":{"line":175,"column":4},"end":{"line":175,"column":34}},"66":{"start":{"line":176,"column":4},"end":{"line":176,"column":26}},"67":{"start":{"line":177,"column":4},"end":{"line":177,"column":37}},"68":{"start":{"line":178,"column":4},"end":{"line":178,"column":27}},"69":{"start":{"line":179,"column":4},"end":{"line":179,"column":37}},"70":{"start":{"line":182,"column":2},"end":{"line":290,"column":4}},"71":{"start":{"line":195,"column":14},"end":{"line":207,"column":20}},"72":{"start":{"line":203,"column":33},"end":{"line":203,"column":56}},"73":{"start":{"line":236,"column":37},"end":{"line":236,"column":74}},"74":{"start":{"line":248,"column":20},"end":{"line":262,"column":29}},"75":{"start":{"line":258,"column":37},"end":{"line":258,"column":62}},"76":{"start":{"line":278,"column":14},"end":{"line":278,"column":40}},"77":{"start":{"line":279,"column":14},"end":{"line":279,"column":36}},"78":{"start":{"line":280,"column":14},"end":{"line":280,"column":47}},"79":{"start":{"line":281,"column":14},"end":{"line":281,"column":37}}},"fnMap":{"0":{"name":"(anonymous_0)","decl":{"start":{"line":38,"column":22},"end":{"line":38,"column":23}},"loc":{"start":{"line":38,"column":28},"end":{"line":291,"column":1}},"line":38},"1":{"name":"(anonymous_1)","decl":{"start":{"line":53,"column":12},"end":{"line":53,"column":13}},"loc":{"start":{"line":53,"column":18},"end":{"line":55,"column":3}},"line":53},"2":{"name":"(anonymous_2)","decl":{"start":{"line":57,"column":25},"end":{"line":57,"column":26}},"loc":{"start":{"line":57,"column":37},"end":{"line":69,"column":3}},"line":57},"3":{"name":"(anonymous_3)","decl":{"start":{"line":71,"column":27},"end":{"line":71,"column":28}},"loc":{"start":{"line":71,"column":85},"end":{"line":94,"column":3}},"line":71},"4":{"name":"(anonymous_4)","decl":{"start":{"line":84,"column":19},"end":{"line":84,"column":20}},"loc":{"start":{"line":84,"column":25},"end":{"line":86,"column":9}},"line":84},"5":{"name":"(anonymous_5)","decl":{"start":{"line":113,"column":20},"end":{"line":113,"column":21}},"loc":{"start":{"line":113,"column":42},"end":{"line":126,"column":3}},"line":113},"6":{"name":"(anonymous_6)","decl":{"start":{"line":121,"column":25},"end":{"line":121,"column":26}},"loc":{"start":{"line":121,"column":32},"end":{"line":124,"column":7}},"line":121},"7":{"name":"(anonymous_7)","decl":{"start":{"line":128,"column":28},"end":{"line":128,"column":29}},"loc":{"start":{"line":128,"column":48},"end":{"line":172,"column":3}},"line":128},"8":{"name":"(anonymous_8)","decl":{"start":{"line":137,"column":13},"end":{"line":137,"column":14}},"loc":{"start":{"line":137,"column":22},"end":{"line":140,"column":5}},"line":137},"9":{"name":"(anonymous_9)","decl":{"start":{"line":143,"column":23},"end":{"line":143,"column":24}},"loc":{"start":{"line":143,"column":31},"end":{"line":148,"column":6}},"line":143},"10":{"name":"(anonymous_10)","decl":{"start":{"line":160,"column":15},"end":{"line":160,"column":16}},"loc":{"start":{"line":160,"column":21},"end":{"line":171,"column":5}},"line":160},"11":{"name":"(anonymous_11)","decl":{"start":{"line":162,"column":27},"end":{"line":162,"column":28}},"loc":{"start":{"line":162,"column":35},"end":{"line":162,"column":43}},"line":162},"12":{"name":"(anonymous_12)","decl":{"start":{"line":174,"column":24},"end":{"line":174,"column":25}},"loc":{"start":{"line":174,"column":48},"end":{"line":180,"column":3}},"line":174},"13":{"name":"(anonymous_13)","decl":{"start":{"line":194,"column":27},"end":{"line":194,"column":28}},"loc":{"start":{"line":195,"column":14},"end":{"line":207,"column":20}},"line":195},"14":{"name":"(anonymous_14)","decl":{"start":{"line":203,"column":27},"end":{"line":203,"column":28}},"loc":{"start":{"line":203,"column":33},"end":{"line":203,"column":56}},"line":203},"15":{"name":"(anonymous_15)","decl":{"start":{"line":236,"column":31},"end":{"line":236,"column":32}},"loc":{"start":{"line":236,"column":37},"end":{"line":236,"column":74}},"line":236},"16":{"name":"(anonymous_16)","decl":{"start":{"line":247,"column":44},"end":{"line":247,"column":45}},"loc":{"start":{"line":248,"column":20},"end":{"line":262,"column":29}},"line":248},"17":{"name":"(anonymous_17)","decl":{"start":{"line":258,"column":31},"end":{"line":258,"column":32}},"loc":{"start":{"line":258,"column":37},"end":{"line":258,"column":62}},"line":258},"18":{"name":"(anonymous_18)","decl":{"start":{"line":277,"column":21},"end":{"line":277,"column":22}},"loc":{"start":{"line":277,"column":27},"end":{"line":282,"column":13}},"line":277}},"branchMap":{"0":{"loc":{"start":{"line":60,"column":21},"end":{"line":60,"column":77}},"type":"binary-expr","locations":[{"start":{"line":60,"column":21},"end":{"line":60,"column":50}},{"start":{"line":60,"column":54},"end":{"line":60,"column":77}}],"line":60},"1":{"loc":{"start":{"line":71,"column":54},"end":{"line":71,"column":80}},"type":"default-arg","locations":[{"start":{"line":71,"column":79},"end":{"line":71,"column":80}}],"line":71},"2":{"loc":{"start":{"line":78,"column":21},"end":{"line":78,"column":77}},"type":"binary-expr","locations":[{"start":{"line":78,"column":21},"end":{"line":78,"column":50}},{"start":{"line":78,"column":54},"end":{"line":78,"column":77}}],"line":78},"3":{"loc":{"start":{"line":83,"column":6},"end":{"line":87,"column":7}},"type":"if","locations":[{"start":{"line":83,"column":6},"end":{"line":87,"column":7}},{"start":{},"end":{}}],"line":83},"4":{"loc":{"start":{"line":114,"column":4},"end":{"line":125,"column":5}},"type":"if","locations":[{"start":{"line":114,"column":4},"end":{"line":125,"column":5}},{"start":{},"end":{}}],"line":114},"5":{"loc":{"start":{"line":116,"column":27},"end":{"line":118,"column":82}},"type":"cond-expr","locations":[{"start":{"line":117,"column":10},"end":{"line":117,"column":18}},{"start":{"line":118,"column":10},"end":{"line":118,"column":82}}],"line":116},"6":{"loc":{"start":{"line":118,"column":13},"end":{"line":118,"column":69}},"type":"binary-expr","locations":[{"start":{"line":118,"column":13},"end":{"line":118,"column":42}},{"start":{"line":118,"column":46},"end":{"line":118,"column":69}}],"line":118},"7":{"loc":{"start":{"line":129,"column":4},"end":{"line":129,"column":51}},"type":"if","locations":[{"start":{"line":129,"column":4},"end":{"line":129,"column":51}},{"start":{},"end":{}}],"line":129},"8":{"loc":{"start":{"line":129,"column":8},"end":{"line":129,"column":42}},"type":"binary-expr","locations":[{"start":{"line":129,"column":8},"end":{"line":129,"column":25}},{"start":{"line":129,"column":29},"end":{"line":129,"column":42}}],"line":129},"9":{"loc":{"start":{"line":138,"column":31},"end":{"line":138,"column":48}},"type":"cond-expr","locations":[{"start":{"line":138,"column":43},"end":{"line":138,"column":44}},{"start":{"line":138,"column":47},"end":{"line":138,"column":48}}],"line":138},"10":{"loc":{"start":{"line":155,"column":16},"end":{"line":155,"column":126}},"type":"cond-expr","locations":[{"start":{"line":155,"column":28},"end":{"line":155,"column":38}},{"start":{"line":155,"column":41},"end":{"line":155,"column":126}}],"line":155},"11":{"loc":{"start":{"line":161,"column":6},"end":{"line":170,"column":7}},"type":"if","locations":[{"start":{"line":161,"column":6},"end":{"line":170,"column":7}},{"start":{"line":164,"column":13},"end":{"line":170,"column":7}}],"line":161},"12":{"loc":{"start":{"line":186,"column":7},"end":{"line":186,"column":52}},"type":"binary-expr","locations":[{"start":{"line":186,"column":7},"end":{"line":186,"column":12}},{"start":{"line":186,"column":16},"end":{"line":186,"column":52}}],"line":186},"13":{"loc":{"start":{"line":188,"column":7},"end":{"line":188,"column":59}},"type":"binary-expr","locations":[{"start":{"line":188,"column":7},"end":{"line":188,"column":14}},{"start":{"line":188,"column":18},"end":{"line":188,"column":59}}],"line":188},"14":{"loc":{"start":{"line":190,"column":7},"end":{"line":288,"column":7}},"type":"cond-expr","locations":[{"start":{"line":191,"column":8},"end":{"line":210,"column":14}},{"start":{"line":212,"column":8},"end":{"line":287,"column":14}}],"line":190},"15":{"loc":{"start":{"line":225,"column":11},"end":{"line":273,"column":11}},"type":"binary-expr","locations":[{"start":{"line":225,"column":11},"end":{"line":225,"column":23}},{"start":{"line":226,"column":12},"end":{"line":272,"column":18}}],"line":225},"16":{"loc":{"start":{"line":233,"column":19},"end":{"line":240,"column":19}},"type":"binary-expr","locations":[{"start":{"line":233,"column":19},"end":{"line":233,"column":44}},{"start":{"line":234,"column":20},"end":{"line":239,"column":29}}],"line":233},"17":{"loc":{"start":{"line":251,"column":24},"end":{"line":251,"column":67}},"type":"cond-expr","locations":[{"start":{"line":251,"column":52},"end":{"line":251,"column":62}},{"start":{"line":251,"column":65},"end":{"line":251,"column":67}}],"line":251},"18":{"loc":{"start":{"line":253,"column":24},"end":{"line":256,"column":30}},"type":"cond-expr","locations":[{"start":{"line":254,"column":26},"end":{"line":255,"column":92}},{"start":{"line":256,"column":28},"end":{"line":256,"column":30}}],"line":253},"19":{"loc":{"start":{"line":254,"column":26},"end":{"line":255,"column":92}},"type":"cond-expr","locations":[{"start":{"line":254,"column":67},"end":{"line":254,"column":76}},{"start":{"line":255,"column":26},"end":{"line":255,"column":92}}],"line":254},"20":{"loc":{"start":{"line":255,"column":26},"end":{"line":255,"column":92}},"type":"cond-expr","locations":[{"start":{"line":255,"column":76},"end":{"line":255,"column":87}},{"start":{"line":255,"column":90},"end":{"line":255,"column":92}}],"line":255},"21":{"loc":{"start":{"line":255,"column":26},"end":{"line":255,"column":73}},"type":"binary-expr","locations":[{"start":{"line":255,"column":26},"end":{"line":255,"column":51}},{"start":{"line":255,"column":55},"end":{"line":255,"column":73}}],"line":255},"22":{"loc":{"start":{"line":266,"column":17},"end":{"line":270,"column":17}},"type":"binary-expr","locations":[{"start":{"line":266,"column":17},"end":{"line":266,"column":23}},{"start":{"line":267,"column":18},"end":{"line":269,"column":24}}],"line":266},"23":{"loc":{"start":{"line":267,"column":46},"end":{"line":267,"column":89}},"type":"cond-expr","locations":[{"start":{"line":267,"column":66},"end":{"line":267,"column":75}},{"start":{"line":267,"column":78},"end":{"line":267,"column":89}}],"line":267}},"s":{"0":1,"1":33,"2":32,"3":32,"4":32,"5":32,"6":32,"7":32,"8":32,"9":32,"10":32,"11":32,"12":32,"13":15,"14":32,"15":15,"16":15,"17":15,"18":15,"19":15,"20":15,"21":15,"22":15,"23":32,"24":0,"25":0,"26":0,"27":0,"28":0,"29":0,"30":0,"31":0,"32":0,"33":0,"34":0,"35":0,"36":0,"37":0,"38":32,"39":0,"40":0,"41":0,"42":0,"43":0,"44":0,"45":32,"46":0,"47":0,"48":0,"49":0,"50":0,"51":0,"52":0,"53":0,"54":0,"55":0,"56":0,"57":0,"58":0,"59":0,"60":0,"61":0,"62":0,"63":0,"64":32,"65":0,"66":0,"67":0,"68":0,"69":0,"70":32,"71":0,"72":0,"73":0,"74":0,"75":0,"76":0,"77":0,"78":0,"79":0},"f":{"0":33,"1":15,"2":15,"3":0,"4":0,"5":0,"6":0,"7":0,"8":0,"9":0,"10":0,"11":0,"12":0,"13":0,"14":0,"15":0,"16":0,"17":0,"18":0},"b":{"0":[15,0],"1":[0],"2":[0,0],"3":[0,0],"4":[0,0],"5":[0,0],"6":[0,0],"7":[0,0],"8":[0,0],"9":[0,0],"10":[0,0],"11":[0,0],"12":[32,2],"13":[32,15],"14":[32,0],"15":[0,0],"16":[0,0],"17":[0,0],"18":[0,0],"19":[0,0],"20":[0,0],"21":[0,0],"22":[0,0],"23":[0,0]},"_coverageSchema":"1a1c01bbd47fc00a2c39e90264f33305004495a9","hash":"1054b45f9eb80331b0d50734d670c0658dd2bdb8"}
,"/Users/estebanfoucher/workspace/open-ear-trainer/frontend/src/index.tsx": {"path":"/Users/estebanfoucher/workspace/open-ear-trainer/frontend/src/index.tsx","statementMap":{"0":{"start":{"line":6,"column":13},"end":{"line":8,"column":1}},"1":{"start":{"line":9,"column":0},"end":{"line":13,"column":2}}},"fnMap":{},"branchMap":{},"s":{"0":0,"1":0},"f":{},"b":{}}
,"/Users/estebanfoucher/workspace/open-ear-trainer/frontend/src/setupProxy.js": {"path":"/Users/estebanfoucher/workspace/open-ear-trainer/frontend/src/setupProxy.js","statementMap":{"0":{"start":{"line":1,"column":34},"end":{"line":1,"column":66}},"1":{"start":{"line":3,"column":0},"end":{"line":26,"column":2}},"2":{"start":{"line":6,"column":19},"end":{"line":6,"column":89}},"3":{"start":{"line":7,"column":21},"end":{"line":7,"column":75}},"4":{"start":{"line":9,"column":2},"end":{"line":9,"column":73}},"5":{"start":{"line":11,"column":2},"end":{"line":17,"column":4}},"6":{"start":{"line":19,"column":2},"end":{"line":25,"column":4}}},"fnMap":{"0":{"name":"(anonymous_0)","decl":{"start":{"line":3,"column":17},"end":{"line":3,"column":18}},"loc":{"start":{"line":3,"column":31},"end":{"line":26,"column":1}},"line":3}},"branchMap":{"0":{"loc":{"start":{"line":6,"column":19},"end":{"line":6,"column":89}},"type":"binary-expr","locations":[{"start":{"line":6,"column":19},"end":{"line":6,"column":56}},{"start":{"line":6,"column":60},"end":{"line":6,"column":89}}],"line":6},"1":{"loc":{"start":{"line":7,"column":21},"end":{"line":7,"column":75}},"type":"cond-expr","locations":[{"start":{"line":7,"column":32},"end":{"line":7,"column":49}},{"start":{"line":7,"column":52},"end":{"line":7,"column":75}}],"line":7}},"s":{"0":0,"1":0,"2":0,"3":0,"4":0,"5":0,"6":0},"f":{"0":0},"b":{"0":[0,0],"1":[0,0]}}
}
