TN:
SF:src/App.tsx
FN:38,(anonymous_0)
FN:53,(anonymous_1)
FN:57,(anonymous_2)
FN:71,(anonymous_3)
FN:84,(anonymous_4)
FN:113,(anonymous_5)
FN:121,(anonymous_6)
FN:128,(anonymous_7)
FN:137,(anonymous_8)
FN:143,(anonymous_9)
FN:160,(anonymous_10)
FN:162,(anonymous_11)
FN:174,(anonymous_12)
FN:194,(anonymous_13)
FN:203,(anonymous_14)
FN:236,(anonymous_15)
FN:247,(anonymous_16)
FN:258,(anonymous_17)
FN:277,(anonymous_18)
FNF:19
FNH:3
FNDA:33,(anonymous_0)
FNDA:15,(anonymous_1)
FNDA:15,(anonymous_2)
FNDA:0,(anonymous_3)
FNDA:0,(anonymous_4)
FNDA:0,(anonymous_5)
FNDA:0,(anonymous_6)
FNDA:0,(anonymous_7)
FNDA:0,(anonymous_8)
FNDA:0,(anonymous_9)
FNDA:0,(anonymous_10)
FNDA:0,(anonymous_11)
FNDA:0,(anonymous_12)
FNDA:0,(anonymous_13)
FNDA:0,(anonymous_14)
FNDA:0,(anonymous_15)
FNDA:0,(anonymous_16)
FNDA:0,(anonymous_17)
FNDA:0,(anonymous_18)
DA:38,1
DA:39,33
DA:40,32
DA:41,32
DA:42,32
DA:43,32
DA:44,32
DA:45,32
DA:48,32
DA:49,32
DA:50,32
DA:51,32
DA:53,32
DA:54,15
DA:57,32
DA:58,15
DA:59,15
DA:60,15
DA:61,15
DA:62,15
DA:64,15
DA:65,15
DA:67,15
DA:71,32
DA:72,0
DA:73,0
DA:74,0
DA:75,0
DA:76,0
DA:78,0
DA:79,0
DA:80,0
DA:83,0
DA:84,0
DA:85,0
DA:89,0
DA:90,0
DA:92,0
DA:113,32
DA:114,0
DA:116,0
DA:120,0
DA:121,0
DA:122,0
DA:123,0
DA:128,32
DA:129,0
DA:131,0
DA:134,0
DA:137,0
DA:143,0
DA:151,0
DA:160,0
DA:161,0
DA:162,0
DA:163,0
DA:166,0
DA:167,0
DA:168,0
DA:169,0
DA:174,32
DA:175,0
DA:176,0
DA:177,0
DA:178,0
DA:179,0
DA:182,32
DA:195,0
DA:203,0
DA:236,0
DA:248,0
DA:258,0
DA:278,0
DA:279,0
DA:280,0
DA:281,0
LF:76
LH:28
BRDA:60,0,0,15
BRDA:60,0,1,0
BRDA:71,1,0,0
BRDA:78,2,0,0
BRDA:78,2,1,0
BRDA:83,3,0,0
BRDA:83,3,1,0
BRDA:114,4,0,0
BRDA:114,4,1,0
BRDA:116,5,0,0
BRDA:116,5,1,0
BRDA:118,6,0,0
BRDA:118,6,1,0
BRDA:129,7,0,0
BRDA:129,7,1,0
BRDA:129,8,0,0
BRDA:129,8,1,0
BRDA:138,9,0,0
BRDA:138,9,1,0
BRDA:155,10,0,0
BRDA:155,10,1,0
BRDA:161,11,0,0
BRDA:161,11,1,0
BRDA:186,12,0,32
BRDA:186,12,1,2
BRDA:188,13,0,32
BRDA:188,13,1,15
BRDA:190,14,0,32
BRDA:190,14,1,0
BRDA:225,15,0,0
BRDA:225,15,1,0
BRDA:233,16,0,0
BRDA:233,16,1,0
BRDA:251,17,0,0
BRDA:251,17,1,0
BRDA:253,18,0,0
BRDA:253,18,1,0
BRDA:254,19,0,0
BRDA:254,19,1,0
BRDA:255,20,0,0
BRDA:255,20,1,0
BRDA:255,21,0,0
BRDA:255,21,1,0
BRDA:266,22,0,0
BRDA:266,22,1,0
BRDA:267,23,0,0
BRDA:267,23,1,0
BRF:47
BRH:6
end_of_record
TN:
SF:src/index.tsx
FNF:0
FNH:0
DA:6,0
DA:9,0
LF:2
LH:0
BRF:0
BRH:0
end_of_record
TN:
SF:src/setupProxy.js
FN:3,(anonymous_0)
FNF:1
FNH:0
FNDA:0,(anonymous_0)
DA:1,0
DA:3,0
DA:6,0
DA:7,0
DA:9,0
DA:11,0
DA:19,0
LF:7
LH:0
BRDA:6,0,0,0
BRDA:6,0,1,0
BRDA:7,1,0,0
BRDA:7,1,1,0
BRF:4
BRH:0
end_of_record
